<?xml version="1.0" encoding="UTF-8"?>
<!-- Generated by org.testng.reporters.JUnitReportReporter -->
<testsuite hostname="LAKSHMIs-MBP.attlocal.net" name="com.java.testng.TestRunner" tests="1" failures="0" timestamp="15 Dec 2017 02:54:35 GMT" time="0.012" errors="0">
  <testcase name="TestCaseOne" time="0.012" classname="com.java.testng.TestRunner"/>
</testsuite> <!-- com.java.testng.TestRunner -->
